<?xml version="1.0" encoding="UTF-8"?>
<testng-results ignored="0" total="10" passed="10" failed="0" skipped="0">
  <reporter-output>
  </reporter-output>
  <suite started-at="2023-01-28T10:07:50 IST" name="Swagger Petstore Suite" finished-at="2023-01-28T10:07:52 IST" duration-ms="2074">
    <groups>
      <group name="cucumber">
        <method signature="AbstractTestNGCucumberTests.runScenario(io.cucumber.testng.PickleWrapper,io.cucumber.testng.FeatureWrapper)[pri:0, instance:testrunner.TestRunner@313ac989]" name="runScenario" class="io.cucumber.testng.AbstractTestNGCucumberTests"/>
      </group> <!-- cucumber -->
    </groups>
    <test started-at="2023-01-28T10:07:50 IST" name="Swagger Petstore Suite" finished-at="2023-01-28T10:07:52 IST" duration-ms="2074">
      <class name="testrunner.TestRunner">
        <test-method is-config="true" signature="setUpClass(org.testng.ITestContext)[pri:0, instance:testrunner.TestRunner@313ac989]" started-at="2023-01-28T10:07:50 IST" name="setUpClass" finished-at="2023-01-28T10:07:51 IST" duration-ms="384" status="PASS">
          <params>
            <param index="0">
              <value>
                <![CDATA[org.testng.TestRunner@16a3cc88]]>
              </value>
            </param>
          </params>
          <reporter-output>
          </reporter-output>
        </test-method> <!-- setUpClass -->
        <test-method signature="runScenario(io.cucumber.testng.PickleWrapper,io.cucumber.testng.FeatureWrapper)[pri:0, instance:testrunner.TestRunner@313ac989]" started-at="2023-01-28T10:07:51 IST" name="runScenario" description="Runs Cucumber Scenarios" data-provider="scenarios" finished-at="2023-01-28T10:07:52 IST" duration-ms="1214" status="PASS">
          <params>
            <param index="0">
              <value>
                <![CDATA["Verify user can delete pets by id"]]>
              </value>
            </param>
            <param index="1">
              <value>
                <![CDATA["Test DELETE request to delete pets"]]>
              </value>
            </param>
          </params>
          <reporter-output>
          </reporter-output>
        </test-method> <!-- runScenario -->
        <test-method signature="runScenario(io.cucumber.testng.PickleWrapper,io.cucumber.testng.FeatureWrapper)[pri:0, instance:testrunner.TestRunner@313ac989]" started-at="2023-01-28T10:07:52 IST" name="runScenario" description="Runs Cucumber Scenarios" data-provider="scenarios" finished-at="2023-01-28T10:07:52 IST" duration-ms="77" status="PASS">
          <params>
            <param index="0">
              <value>
                <![CDATA["Verify user can find pets by available status"]]>
              </value>
            </param>
            <param index="1">
              <value>
                <![CDATA["Test GET requests to get pets with different options"]]>
              </value>
            </param>
          </params>
          <reporter-output>
          </reporter-output>
        </test-method> <!-- runScenario -->
        <test-method signature="runScenario(io.cucumber.testng.PickleWrapper,io.cucumber.testng.FeatureWrapper)[pri:0, instance:testrunner.TestRunner@313ac989]" started-at="2023-01-28T10:07:52 IST" name="runScenario" description="Runs Cucumber Scenarios" data-provider="scenarios" finished-at="2023-01-28T10:07:52 IST" duration-ms="31" status="PASS">
          <params>
            <param index="0">
              <value>
                <![CDATA["Verify user can find pets by their tags"]]>
              </value>
            </param>
            <param index="1">
              <value>
                <![CDATA["Test GET requests to get pets with different options"]]>
              </value>
            </param>
          </params>
          <reporter-output>
          </reporter-output>
        </test-method> <!-- runScenario -->
        <test-method signature="runScenario(io.cucumber.testng.PickleWrapper,io.cucumber.testng.FeatureWrapper)[pri:0, instance:testrunner.TestRunner@313ac989]" started-at="2023-01-28T10:07:52 IST" name="runScenario" description="Runs Cucumber Scenarios" data-provider="scenarios" finished-at="2023-01-28T10:07:52 IST" duration-ms="25" status="PASS">
          <params>
            <param index="0">
              <value>
                <![CDATA["Verify user can find pets by their id"]]>
              </value>
            </param>
            <param index="1">
              <value>
                <![CDATA["Test GET requests to get pets with different options"]]>
              </value>
            </param>
          </params>
          <reporter-output>
          </reporter-output>
        </test-method> <!-- runScenario -->
        <test-method signature="runScenario(io.cucumber.testng.PickleWrapper,io.cucumber.testng.FeatureWrapper)[pri:0, instance:testrunner.TestRunner@313ac989]" started-at="2023-01-28T10:07:52 IST" name="runScenario" description="Runs Cucumber Scenarios" data-provider="scenarios" finished-at="2023-01-28T10:07:52 IST" duration-ms="31" status="PASS">
          <params>
            <param index="0">
              <value>
                <![CDATA["Verify user can add a pet with POST request"]]>
              </value>
            </param>
            <param index="1">
              <value>
                <![CDATA["Test POST requests to add/update pets with different options"]]>
              </value>
            </param>
          </params>
          <reporter-output>
          </reporter-output>
        </test-method> <!-- runScenario -->
        <test-method signature="runScenario(io.cucumber.testng.PickleWrapper,io.cucumber.testng.FeatureWrapper)[pri:0, instance:testrunner.TestRunner@313ac989]" started-at="2023-01-28T10:07:52 IST" name="runScenario" description="Runs Cucumber Scenarios" data-provider="scenarios" finished-at="2023-01-28T10:07:52 IST" duration-ms="22" status="PASS">
          <params>
            <param index="0">
              <value>
                <![CDATA["Verify user can add a pet with POST request"]]>
              </value>
            </param>
            <param index="1">
              <value>
                <![CDATA["Test POST requests to add/update pets with different options"]]>
              </value>
            </param>
          </params>
          <reporter-output>
          </reporter-output>
        </test-method> <!-- runScenario -->
        <test-method signature="runScenario(io.cucumber.testng.PickleWrapper,io.cucumber.testng.FeatureWrapper)[pri:0, instance:testrunner.TestRunner@313ac989]" started-at="2023-01-28T10:07:52 IST" name="runScenario" description="Runs Cucumber Scenarios" data-provider="scenarios" finished-at="2023-01-28T10:07:52 IST" duration-ms="70" status="PASS">
          <params>
            <param index="0">
              <value>
                <![CDATA["Verify user can update a pet with PUT request"]]>
              </value>
            </param>
            <param index="1">
              <value>
                <![CDATA["Test POST requests to add/update pets with different options"]]>
              </value>
            </param>
          </params>
          <reporter-output>
          </reporter-output>
        </test-method> <!-- runScenario -->
        <test-method signature="runScenario(io.cucumber.testng.PickleWrapper,io.cucumber.testng.FeatureWrapper)[pri:0, instance:testrunner.TestRunner@313ac989]" started-at="2023-01-28T10:07:52 IST" name="runScenario" description="Runs Cucumber Scenarios" data-provider="scenarios" finished-at="2023-01-28T10:07:52 IST" duration-ms="53" status="PASS">
          <params>
            <param index="0">
              <value>
                <![CDATA["Verify user can update a pet with form data with POST request"]]>
              </value>
            </param>
            <param index="1">
              <value>
                <![CDATA["Test POST requests to add/update pets with different options"]]>
              </value>
            </param>
          </params>
          <reporter-output>
          </reporter-output>
        </test-method> <!-- runScenario -->
        <test-method signature="runScenario(io.cucumber.testng.PickleWrapper,io.cucumber.testng.FeatureWrapper)[pri:0, instance:testrunner.TestRunner@313ac989]" started-at="2023-01-28T10:07:52 IST" name="runScenario" description="Runs Cucumber Scenarios" data-provider="scenarios" finished-at="2023-01-28T10:07:52 IST" duration-ms="20" status="PASS">
          <params>
            <param index="0">
              <value>
                <![CDATA["Returns a map of status codes to quantities"]]>
              </value>
            </param>
            <param index="1">
              <value>
                <![CDATA["Returns pet inventories by status"]]>
              </value>
            </param>
          </params>
          <reporter-output>
          </reporter-output>
        </test-method> <!-- runScenario -->
        <test-method signature="runScenario(io.cucumber.testng.PickleWrapper,io.cucumber.testng.FeatureWrapper)[pri:0, instance:testrunner.TestRunner@313ac989]" started-at="2023-01-28T10:07:52 IST" name="runScenario" description="Runs Cucumber Scenarios" data-provider="scenarios" finished-at="2023-01-28T10:07:52 IST" duration-ms="50" status="PASS">
          <params>
            <param index="0">
              <value>
                <![CDATA["Place a new order in the store"]]>
              </value>
            </param>
            <param index="1">
              <value>
                <![CDATA["Place and order for a pet"]]>
              </value>
            </param>
          </params>
          <reporter-output>
          </reporter-output>
        </test-method> <!-- runScenario -->
        <test-method is-config="true" signature="tearDownClass()[pri:0, instance:testrunner.TestRunner@313ac989]" started-at="2023-01-28T10:07:52 IST" name="tearDownClass" finished-at="2023-01-28T10:07:52 IST" duration-ms="62" status="PASS">
          <reporter-output>
          </reporter-output>
        </test-method> <!-- tearDownClass -->
      </class> <!-- testrunner.TestRunner -->
    </test> <!-- Swagger Petstore Suite -->
  </suite> <!-- Swagger Petstore Suite -->
</testng-results>
