<?xml version="1.0" encoding="UTF-8"?>
<testsuite xmlns:xsi="http://www.w3.org/2001/XMLSchema-instance" xsi:noNamespaceSchemaLocation="https://maven.apache.org/surefire/maven-surefire-plugin/xsd/surefire-test-report-3.0.xsd" version="3.0" name="TestSuite" time="2.451" tests="10" errors="0" skipped="0" failures="0">
  <properties>
[...]
</properties>
  <testcase name="runScenario[&quot;Verify user can delete pets by id&quot;, &quot;Test DELETE request to delete pets&quot;](1)" classname="testrunner.TestRunner" time="1.215">
    <system-out><![CDATA[
Scenario: Verify user can delete pets by id                                           &amp#27;[90m# src/test/resources/features/PetsDELETERequests.feature:2&amp#27;[0m
  &amp#27;[32mGiven &amp#27;[0m&amp#27;[32madd pet payload with &amp#27;[0m&amp#27;[32m&amp#27;[1m"Robby"&amp#27;[0m&amp#27;[32m &amp#27;[0m&amp#27;[32m&amp#27;[1m"dinosaur"&amp#27;[0m&amp#27;[32m &amp#27;[0m&amp#27;[32m&amp#27;[1m"tag1"&amp#27;[0m                                &amp#27;[90m# stepdefinitions.PetsPostRequestsAPI.add_pet_payload_with(java.lang.String,java.lang.String,java.lang.String)&amp#27;[0m
Request method:	POST
Request URI:	http://localhost:8090/api/v3/pet
Proxy:			<none>
Request params:	<none>
Query params:	<none>
Form params:	<none>
Path params:	<none>
Headers:		Accept=*/*
				Content-Type=application/json
Cookies:		<none>
Multiparts:		<none>
Body:
{
    "id": 406,
    "category": {
        "id": 0,
        "name": "dinosaur"
    },
    "name": "Robby",
    "photoUrls": [
        "url1"
    ],
    "tags": [
        {
            "id": 0,
            "name": "tag1"
        }
    ],
    "status": "available"
}
  &amp#27;[32mWhen &amp#27;[0m&amp#27;[32muser performs &amp#27;[0m&amp#27;[32m&amp#27;[1m"AddPet"&amp#27;[0m                                                         &amp#27;[90m# stepdefinitions.PetsPostRequestsAPI.user_performs(java.lang.String)&amp#27;[0m
  &amp#27;[32mThen &amp#27;[0m&amp#27;[32muser verify that POST API call is successful and status code &amp#27;[0m&amp#27;[32m&amp#27;[1m200&amp#27;[0m&amp#27;[32m is returned&amp#27;[0m   &amp#27;[90m# stepdefinitions.PetsPostRequestsAPI.user_verify_that_post_api_call_is_successful_and_status_code_is_returned(java.lang.Integer)&amp#27;[0m
Request method:	DELETE
Request URI:	http://localhost:8090/api/v3/pet/406
Proxy:			<none>
Request params:	<none>
Query params:	<none>
Form params:	<none>
Path params:	<none>
Headers:		api_key=123
				Accept=*/*
				Content-Type=application/json
Cookies:		<none>
Multiparts:		<none>
Body:
{
    "id": 406,
    "category": {
        "id": 0,
        "name": "dinosaur"
    },
    "name": "Robby",
    "photoUrls": [
        "url1"
    ],
    "tags": [
        {
            "id": 0,
            "name": "tag1"
        }
    ],
    "status": "available"
}
  &amp#27;[32mWhen &amp#27;[0m&amp#27;[32muser performs &amp#27;[0m&amp#27;[32m&amp#27;[1m"DeletePet"&amp#27;[0m                                                      &amp#27;[90m# stepdefinitions.PetsPostRequestsAPI.user_performs(java.lang.String)&amp#27;[0m
  &amp#27;[32mThen &amp#27;[0m&amp#27;[32muser verify that DELETE API call is successful and status code &amp#27;[0m&amp#27;[32m&amp#27;[1m200&amp#27;[0m&amp#27;[32m is returned&amp#27;[0m &amp#27;[90m# stepdefinitions.PetsPostRequestsAPI.userVerifyThatDELETEAPICallIsSuccessfulAndStatusCodeIsReturned(int)&amp#27;[0m
  &amp#27;[32mAnd &amp#27;[0m&amp#27;[32mmessage &amp#27;[0m&amp#27;[32m&amp#27;[1m"Pet deleted"&amp#27;[0m&amp#27;[32m is returned&amp#27;[0m                                               &amp#27;[90m# stepdefinitions.PetsPostRequestsAPI.messageIsReturned(java.lang.String)&amp#27;[0m
]]></system-out>
    <system-err><![CDATA[SLF4J: Failed to load class "org.slf4j.impl.StaticLoggerBinder".
SLF4J: Defaulting to no-operation (NOP) logger implementation
SLF4J: See http://www.slf4j.org/codes.html#StaticLoggerBinder for further details.
]]></system-err>
  </testcase>
  <testcase name="runScenario[&quot;Verify user can find pets by available status&quot;, &quot;Test GET requests to get pets with different options&quot;](2)" classname="testrunner.TestRunner" time="0.076">
    <system-out><![CDATA[
Scenario: Verify user can find pets by available status                        &amp#27;[90m# src/test/resources/features/PetsGETRequests.feature:2&amp#27;[0m
Request method:	GET
Request URI:	http://localhost:8090/api/v3/pet/findByStatus?status=available
Proxy:			<none>
Request params:	<none>
Query params:	status=available
Form params:	<none>
Path params:	<none>
Headers:		Accept=*/*
				Content-Type=application/json
Cookies:		<none>
Multiparts:		<none>
Body:			<none>
  &amp#27;[32mWhen &amp#27;[0m&amp#27;[32muser performs pets &amp#27;[0m&amp#27;[32m&amp#27;[1m"findByStatus"&amp#27;[0m&amp#27;[32m using &amp#27;[0m&amp#27;[32m&amp#27;[1m"available"&amp#27;[0m&amp#27;[32m parameter&amp#27;[0m           &amp#27;[90m# stepdefinitions.PetsGetRequestsAPI.user_performs_pets_using_request(java.lang.String,java.lang.String)&amp#27;[0m
  &amp#27;[32mThen &amp#27;[0m&amp#27;[32muser verify that API call is successful and status code &amp#27;[0m&amp#27;[32m&amp#27;[1m200&amp#27;[0m&amp#27;[32m is returned&amp#27;[0m &amp#27;[90m# stepdefinitions.PetsGetRequestsAPI.user_verify_that_api_call_is_successful_and_status_code_is_returned(java.lang.Integer)&amp#27;[0m
  &amp#27;[32mAnd &amp#27;[0m&amp#27;[32m&amp#27;[0m&amp#27;[32m&amp#27;[1m"status"&amp#27;[0m&amp#27;[32m in response body is &amp#27;[0m&amp#27;[32m&amp#27;[1m"available"&amp#27;[0m                                 &amp#27;[90m# stepdefinitions.PetsGetRequestsAPI.in_response_body_is(java.lang.String,java.lang.String)&amp#27;[0m
]]></system-out>
  </testcase>
  <testcase name="runScenario[&quot;Verify user can find pets by their tags&quot;, &quot;Test GET requests to get pets with different options&quot;](3)" classname="testrunner.TestRunner" time="0.033">
    <system-out><![CDATA[
Scenario: Verify user can find pets by their tags                              &amp#27;[90m# src/test/resources/features/PetsGETRequests.feature:7&amp#27;[0m
Request method:	GET
Request URI:	http://localhost:8090/api/v3/pet/findByTags?tags=tag1
Proxy:			<none>
Request params:	<none>
Query params:	tags=tag1
Form params:	<none>
Path params:	<none>
Headers:		Accept=*/*
				Content-Type=application/json
Cookies:		<none>
Multiparts:		<none>
Body:			<none>
  &amp#27;[32mWhen &amp#27;[0m&amp#27;[32muser performs pets &amp#27;[0m&amp#27;[32m&amp#27;[1m"findByTags"&amp#27;[0m&amp#27;[32m using &amp#27;[0m&amp#27;[32m&amp#27;[1m"tag1"&amp#27;[0m&amp#27;[32m parameter&amp#27;[0m                  &amp#27;[90m# stepdefinitions.PetsGetRequestsAPI.user_performs_pets_using_request(java.lang.String,java.lang.String)&amp#27;[0m
  &amp#27;[32mThen &amp#27;[0m&amp#27;[32muser verify that API call is successful and status code &amp#27;[0m&amp#27;[32m&amp#27;[1m200&amp#27;[0m&amp#27;[32m is returned&amp#27;[0m &amp#27;[90m# stepdefinitions.PetsGetRequestsAPI.user_verify_that_api_call_is_successful_and_status_code_is_returned(java.lang.Integer)&amp#27;[0m
  &amp#27;[32mAnd &amp#27;[0m&amp#27;[32m&amp#27;[0m&amp#27;[32m&amp#27;[1m"tags"&amp#27;[0m&amp#27;[32m in response body is &amp#27;[0m&amp#27;[32m&amp#27;[1m"tag1"&amp#27;[0m                                        &amp#27;[90m# stepdefinitions.PetsGetRequestsAPI.in_response_body_is(java.lang.String,java.lang.String)&amp#27;[0m
]]></system-out>
  </testcase>
  <testcase name="runScenario[&quot;Verify user can find pets by their id&quot;, &quot;Test GET requests to get pets with different options&quot;](4)" classname="testrunner.TestRunner" time="0.025">
    <system-out><![CDATA[
Scenario: Verify user can find pets by their id                                &amp#27;[90m# src/test/resources/features/PetsGETRequests.feature:12&amp#27;[0m
Request method:	GET
Request URI:	http://localhost:8090/api/v3/pet/1
Proxy:			<none>
Request params:	<none>
Query params:	<none>
Form params:	<none>
Path params:	<none>
Headers:		Accept=*/*
				Content-Type=application/json
Cookies:		<none>
Multiparts:		<none>
Body:			<none>
  &amp#27;[32mWhen &amp#27;[0m&amp#27;[32muser finds pets using &amp#27;[0m&amp#27;[32m&amp#27;[1m"findByID"&amp#27;[0m&amp#27;[32m using &amp#27;[0m&amp#27;[32m&amp#27;[1m"1"&amp#27;[0m&amp#27;[32m parameter&amp#27;[0m                    &amp#27;[90m# stepdefinitions.PetsGetRequestsAPI.user_finds_pets_using_using_parameter(java.lang.String,java.lang.String)&amp#27;[0m
  &amp#27;[32mThen &amp#27;[0m&amp#27;[32muser verify that API call is successful and status code &amp#27;[0m&amp#27;[32m&amp#27;[1m200&amp#27;[0m&amp#27;[32m is returned&amp#27;[0m &amp#27;[90m# stepdefinitions.PetsGetRequestsAPI.user_verify_that_api_call_is_successful_and_status_code_is_returned(java.lang.Integer)&amp#27;[0m
  &amp#27;[32mAnd &amp#27;[0m&amp#27;[32m&amp#27;[0m&amp#27;[32m&amp#27;[1m"id"&amp#27;[0m&amp#27;[32m in response is &amp#27;[0m&amp#27;[32m&amp#27;[1m1&amp#27;[0m                                                    &amp#27;[90m# stepdefinitions.PetsGetRequestsAPI.in_response_is(java.lang.String,int)&amp#27;[0m
]]></system-out>
  </testcase>
  <testcase name="runScenario[&quot;Verify user can add a pet with POST request&quot;, &quot;Test POST requests to add/update pets with different options&quot;](5)" classname="testrunner.TestRunner" time="0.029">
    <system-out><![CDATA[
Scenario Outline: Verify user can add a pet with POST request                       &amp#27;[90m# src/test/resources/features/PetsPOSTRequests.feature:11&amp#27;[0m
  &amp#27;[32mGiven &amp#27;[0m&amp#27;[32madd pet payload with &amp#27;[0m&amp#27;[32m&amp#27;[1m"Boss"&amp#27;[0m&amp#27;[32m &amp#27;[0m&amp#27;[32m&amp#27;[1m"Dogs"&amp#27;[0m&amp#27;[32m &amp#27;[0m&amp#27;[32m&amp#27;[1m"tag1"&amp#27;[0m                                   &amp#27;[90m# stepdefinitions.PetsPostRequestsAPI.add_pet_payload_with(java.lang.String,java.lang.String,java.lang.String)&amp#27;[0m
Request method:	POST
Request URI:	http://localhost:8090/api/v3/pet
Proxy:			<none>
Request params:	<none>
Query params:	<none>
Form params:	<none>
Path params:	<none>
Headers:		Accept=*/*
				Content-Type=application/json
Cookies:		<none>
Multiparts:		<none>
Body:
{
    "id": 559,
    "category": {
        "id": 0,
        "name": "Dogs"
    },
    "name": "Boss",
    "photoUrls": [
        "url1"
    ],
    "tags": [
        {
            "id": 0,
            "name": "tag1"
        }
    ],
    "status": "available"
}
  &amp#27;[32mWhen &amp#27;[0m&amp#27;[32muser performs &amp#27;[0m&amp#27;[32m&amp#27;[1m"AddPet"&amp#27;[0m                                                       &amp#27;[90m# stepdefinitions.PetsPostRequestsAPI.user_performs(java.lang.String)&amp#27;[0m
  &amp#27;[32mThen &amp#27;[0m&amp#27;[32muser verify that POST API call is successful and status code &amp#27;[0m&amp#27;[32m&amp#27;[1m200&amp#27;[0m&amp#27;[32m is returned&amp#27;[0m &amp#27;[90m# stepdefinitions.PetsPostRequestsAPI.user_verify_that_post_api_call_is_successful_and_status_code_is_returned(java.lang.Integer)&amp#27;[0m
  &amp#27;[32mAnd &amp#27;[0m&amp#27;[32mid of the pet is the same as posted id&amp#27;[0m                                        &amp#27;[90m# stepdefinitions.PetsPostRequestsAPI.idOfThePetIsTheSameAsPostedId()&amp#27;[0m
]]></system-out>
  </testcase>
  <testcase name="runScenario[&quot;Verify user can add a pet with POST request&quot;, &quot;Test POST requests to add/update pets with different options&quot;](6)" classname="testrunner.TestRunner" time="0.023">
    <system-out><![CDATA[
Scenario Outline: Verify user can add a pet with POST request                       &amp#27;[90m# src/test/resources/features/PetsPOSTRequests.feature:12&amp#27;[0m
  &amp#27;[32mGiven &amp#27;[0m&amp#27;[32madd pet payload with &amp#27;[0m&amp#27;[32m&amp#27;[1m"Fluffy"&amp#27;[0m&amp#27;[32m &amp#27;[0m&amp#27;[32m&amp#27;[1m"Cats"&amp#27;[0m&amp#27;[32m &amp#27;[0m&amp#27;[32m&amp#27;[1m"tag2"&amp#27;[0m                                 &amp#27;[90m# stepdefinitions.PetsPostRequestsAPI.add_pet_payload_with(java.lang.String,java.lang.String,java.lang.String)&amp#27;[0m
Request method:	POST
Request URI:	http://localhost:8090/api/v3/pet
Proxy:			<none>
Request params:	<none>
Query params:	<none>
Form params:	<none>
Path params:	<none>
Headers:		Accept=*/*
				Content-Type=application/json
Cookies:		<none>
Multiparts:		<none>
Body:
{
    "id": 82,
    "category": {
        "id": 0,
        "name": "Cats"
    },
    "name": "Fluffy",
    "photoUrls": [
        "url1"
    ],
    "tags": [
        {
            "id": 0,
            "name": "tag2"
        }
    ],
    "status": "available"
}
  &amp#27;[32mWhen &amp#27;[0m&amp#27;[32muser performs &amp#27;[0m&amp#27;[32m&amp#27;[1m"AddPet"&amp#27;[0m                                                       &amp#27;[90m# stepdefinitions.PetsPostRequestsAPI.user_performs(java.lang.String)&amp#27;[0m
  &amp#27;[32mThen &amp#27;[0m&amp#27;[32muser verify that POST API call is successful and status code &amp#27;[0m&amp#27;[32m&amp#27;[1m200&amp#27;[0m&amp#27;[32m is returned&amp#27;[0m &amp#27;[90m# stepdefinitions.PetsPostRequestsAPI.user_verify_that_post_api_call_is_successful_and_status_code_is_returned(java.lang.Integer)&amp#27;[0m
  &amp#27;[32mAnd &amp#27;[0m&amp#27;[32mid of the pet is the same as posted id&amp#27;[0m                                        &amp#27;[90m# stepdefinitions.PetsPostRequestsAPI.idOfThePetIsTheSameAsPostedId()&amp#27;[0m
]]></system-out>
  </testcase>
  <testcase name="runScenario[&quot;Verify user can update a pet with PUT request&quot;, &quot;Test POST requests to add/update pets with different options&quot;](7)" classname="testrunner.TestRunner" time="0.072">
    <system-out><![CDATA[
Scenario: Verify user can update a pet with PUT request                             &amp#27;[90m# src/test/resources/features/PetsPOSTRequests.feature:14&amp#27;[0m
  &amp#27;[32mGiven &amp#27;[0m&amp#27;[32madd pet payload with &amp#27;[0m&amp#27;[32m&amp#27;[1m"Rocky"&amp#27;[0m&amp#27;[32m &amp#27;[0m&amp#27;[32m&amp#27;[1m"turtle"&amp#27;[0m&amp#27;[32m &amp#27;[0m&amp#27;[32m&amp#27;[1m"tag5"&amp#27;[0m                                &amp#27;[90m# stepdefinitions.PetsPostRequestsAPI.add_pet_payload_with(java.lang.String,java.lang.String,java.lang.String)&amp#27;[0m
Request method:	POST
Request URI:	http://localhost:8090/api/v3/pet
Proxy:			<none>
Request params:	<none>
Query params:	<none>
Form params:	<none>
Path params:	<none>
Headers:		Accept=*/*
				Content-Type=application/json
Cookies:		<none>
Multiparts:		<none>
Body:
{
    "id": 330,
    "category": {
        "id": 0,
        "name": "turtle"
    },
    "name": "Rocky",
    "photoUrls": [
        "url1"
    ],
    "tags": [
        {
            "id": 0,
            "name": "tag5"
        }
    ],
    "status": "available"
}
  &amp#27;[32mWhen &amp#27;[0m&amp#27;[32muser performs &amp#27;[0m&amp#27;[32m&amp#27;[1m"AddPet"&amp#27;[0m                                                       &amp#27;[90m# stepdefinitions.PetsPostRequestsAPI.user_performs(java.lang.String)&amp#27;[0m
  &amp#27;[32mThen &amp#27;[0m&amp#27;[32muser verify that POST API call is successful and status code &amp#27;[0m&amp#27;[32m&amp#27;[1m200&amp#27;[0m&amp#27;[32m is returned&amp#27;[0m &amp#27;[90m# stepdefinitions.PetsPostRequestsAPI.user_verify_that_post_api_call_is_successful_and_status_code_is_returned(java.lang.Integer)&amp#27;[0m
  &amp#27;[32mAnd &amp#27;[0m&amp#27;[32mid of the pet is the same as posted id&amp#27;[0m                                        &amp#27;[90m# stepdefinitions.PetsPostRequestsAPI.idOfThePetIsTheSameAsPostedId()&amp#27;[0m
Request method:	PUT
Request URI:	http://localhost:8090/api/v3/pet
Proxy:			<none>
Request params:	<none>
Query params:	<none>
Form params:	<none>
Path params:	<none>
Headers:		Accept=*/*
				Content-Type=application/json
Cookies:		<none>
Multiparts:		<none>
Body:
{
    "id": 330,
    "category": {
        "id": 0,
        "name": "turtle"
    },
    "name": "Rocky",
    "photoUrls": [
        "url1"
    ],
    "tags": [
        {
            "id": 0,
            "name": "tag5"
        }
    ],
    "status": "available"
}
  &amp#27;[32mWhen &amp#27;[0m&amp#27;[32muser performs &amp#27;[0m&amp#27;[32m&amp#27;[1m"UpdatePet"&amp#27;[0m                                                    &amp#27;[90m# stepdefinitions.PetsPostRequestsAPI.user_performs(java.lang.String)&amp#27;[0m
Request method:	POST
Request URI:	http://localhost:8090/api/v3/pet
Proxy:			<none>
Request params:	<none>
Query params:	<none>
Form params:	<none>
Path params:	<none>
Headers:		Accept=*/*
				Content-Type=application/json
Cookies:		<none>
Multiparts:		<none>
Body:
{
    "id": 330,
    "category": {
        "id": 0,
        "name": "fish"
    },
    "name": "Johnny",
    "photoUrls": [
        "url1"
    ],
    "tags": [
        {
            "id": 0,
            "name": "tag7"
        }
    ],
    "status": "available"
}
  &amp#27;[32mAnd &amp#27;[0m&amp#27;[32mupdates pet with &amp#27;[0m&amp#27;[32m&amp#27;[1m"Johnny"&amp#27;[0m&amp#27;[32m &amp#27;[0m&amp#27;[32m&amp#27;[1m"fish"&amp#27;[0m&amp#27;[32m &amp#27;[0m&amp#27;[32m&amp#27;[1m"tag7"&amp#27;[0m                                       &amp#27;[90m# stepdefinitions.PetsPostRequestsAPI.updatesPetWith(java.lang.String,java.lang.String,java.lang.String)&amp#27;[0m
  &amp#27;[32mAnd &amp#27;[0m&amp#27;[32mthe following values are updated&amp#27;[0m                                              &amp#27;[90m# stepdefinitions.PetsPostRequestsAPI.the_following_values_are_updated(io.cucumber.datatable.DataTable)&amp#27;[0m
    | name         | Johnny |
    | categoryName | fish   |
    | tag          | tag7   |
]]></system-out>
  </testcase>
  <testcase name="runScenario[&quot;Verify user can update a pet with form data with POST request&quot;, &quot;Test POST requests to add/update pets with different options&quot;](8)" classname="testrunner.TestRunner" time="0.053">
    <system-out><![CDATA[
Scenario: Verify user can update a pet with form data with POST request             &amp#27;[90m# src/test/resources/features/PetsPOSTRequests.feature:27&amp#27;[0m
  &amp#27;[32mGiven &amp#27;[0m&amp#27;[32madd pet payload with &amp#27;[0m&amp#27;[32m&amp#27;[1m"Memus"&amp#27;[0m&amp#27;[32m &amp#27;[0m&amp#27;[32m&amp#27;[1m"possum"&amp#27;[0m&amp#27;[32m &amp#27;[0m&amp#27;[32m&amp#27;[1m"tag9"&amp#27;[0m                                &amp#27;[90m# stepdefinitions.PetsPostRequestsAPI.add_pet_payload_with(java.lang.String,java.lang.String,java.lang.String)&amp#27;[0m
Request method:	POST
Request URI:	http://localhost:8090/api/v3/pet
Proxy:			<none>
Request params:	<none>
Query params:	<none>
Form params:	<none>
Path params:	<none>
Headers:		Accept=*/*
				Content-Type=application/json
Cookies:		<none>
Multiparts:		<none>
Body:
{
    "id": 805,
    "category": {
        "id": 0,
        "name": "possum"
    },
    "name": "Memus",
    "photoUrls": [
        "url1"
    ],
    "tags": [
        {
            "id": 0,
            "name": "tag9"
        }
    ],
    "status": "available"
}
  &amp#27;[32mWhen &amp#27;[0m&amp#27;[32muser performs &amp#27;[0m&amp#27;[32m&amp#27;[1m"AddPet"&amp#27;[0m                                                       &amp#27;[90m# stepdefinitions.PetsPostRequestsAPI.user_performs(java.lang.String)&amp#27;[0m
  &amp#27;[32mThen &amp#27;[0m&amp#27;[32muser verify that POST API call is successful and status code &amp#27;[0m&amp#27;[32m&amp#27;[1m200&amp#27;[0m&amp#27;[32m is returned&amp#27;[0m &amp#27;[90m# stepdefinitions.PetsPostRequestsAPI.user_verify_that_post_api_call_is_successful_and_status_code_is_returned(java.lang.Integer)&amp#27;[0m
Request method:	POST
Request URI:	http://localhost:8090/api/v3/pet
Proxy:			<none>
Request params:	<none>
Query params:	<none>
Form params:	<none>
Path params:	<none>
Headers:		Accept=*/*
				Content-Type=application/json
Cookies:		<none>
Multiparts:		<none>
Body:
{
    "id": 805,
    "category": {
        "id": 0,
        "name": "possum"
    },
    "name": "Memus",
    "photoUrls": [
        "url1"
    ],
    "tags": [
        {
            "id": 0,
            "name": "tag9"
        }
    ],
    "status": "available"
}
  &amp#27;[32mWhen &amp#27;[0m&amp#27;[32muser performs &amp#27;[0m&amp#27;[32m&amp#27;[1m"FormUpdatePet"&amp#27;[0m                                                &amp#27;[90m# stepdefinitions.PetsPostRequestsAPI.user_performs(java.lang.String)&amp#27;[0m
Request method:	POST
Request URI:	http://localhost:8090/api/v3/pet/805?name=Ramu&status=sold
Proxy:			<none>
Request params:	<none>
Query params:	name=Ramu
				status=sold
Form params:	<none>
Path params:	<none>
Headers:		Accept=*/*
				Content-Type=application/json
Cookies:		<none>
Multiparts:		<none>
Body:			<none>
  &amp#27;[32mAnd &amp#27;[0m&amp#27;[32mupdates pet with name &amp#27;[0m&amp#27;[32m&amp#27;[1m"Ramu"&amp#27;[0m&amp#27;[32m and status &amp#27;[0m&amp#27;[32m&amp#27;[1m"sold"&amp#27;[0m                                &amp#27;[90m# stepdefinitions.PetsPostRequestsAPI.updatesPetWithNameAndStatus(java.lang.String,java.lang.String)&amp#27;[0m
]]></system-out>
  </testcase>
  <testcase name="runScenario[&quot;Returns a map of status codes to quantities&quot;, &quot;Returns pet inventories by status&quot;](9)" classname="testrunner.TestRunner" time="0.02">
    <system-out><![CDATA[
Scenario: Returns a map of status codes to quantities                                    &amp#27;[90m# src/test/resources/features/StoreGETInventory.feature:2&amp#27;[0m
Request method:	GET
Request URI:	http://localhost:8090/api/v3/store/inventory
Proxy:			<none>
Request params:	<none>
Query params:	<none>
Form params:	<none>
Path params:	<none>
Headers:		Accept=*/*
				Content-Type=application/json
Cookies:		<none>
Multiparts:		<none>
Body:			<none>
  &amp#27;[32mWhen &amp#27;[0m&amp#27;[32muser submits GET request for inventory status&amp#27;[0m                                     &amp#27;[90m# stepdefinitions.StoreGetRequestsAPI.user_submits_get_request_for_inventory_status()&amp#27;[0m
  &amp#27;[32mThen &amp#27;[0m&amp#27;[32muser verify that store GET API call is successful and status code &amp#27;[0m&amp#27;[32m&amp#27;[1m200&amp#27;[0m&amp#27;[32m is returned&amp#27;[0m &amp#27;[90m# stepdefinitions.StoreGetRequestsAPI.user_verify_that_store_get_api_call_is_successful_and_status_code_is_returned(java.lang.Integer)&amp#27;[0m
  &amp#27;[32mAnd &amp#27;[0m&amp#27;[32mvalues are updated as follows:&amp#27;[0m                                                     &amp#27;[90m# stepdefinitions.StoreGetRequestsAPI.values_are_updated_as_follows(io.cucumber.datatable.DataTable)&amp#27;[0m
    | approved  | 65  |
    | placed    | 100 |
    | delivered | 50  |
]]></system-out>
  </testcase>
  <testcase name="runScenario[&quot;Place a new order in the store&quot;, &quot;Place and order for a pet&quot;](10)" classname="testrunner.TestRunner" time="0.048">
    <system-out><![CDATA[
Scenario: Place a new order in the store             &amp#27;[90m# src/test/resources/features/StorePOSTInventory.feature:2&amp#27;[0m
  &amp#27;[32mGiven &amp#27;[0m&amp#27;[32madd order payload&amp#27;[0m                            &amp#27;[90m# stepdefinitions.StorePostRequestsAPI.add_order_payload()&amp#27;[0m
Request method:	POST
Request URI:	http://localhost:8090/api/v3/store/order
Proxy:			<none>
Request params:	<none>
Query params:	<none>
Form params:	<none>
Path params:	<none>
Headers:		Accept=*/*
				Content-Type=application/json
Cookies:		<none>
Multiparts:		<none>
Body:
{
    "id": 568,
    "petId": 3520,
    "quantity": 1,
    "shipDate": 1674880672599,
    "status": "approved",
    "complete": true
}
  &amp#27;[32mWhen &amp#27;[0m&amp#27;[32muser places an order for a pet&amp#27;[0m                &amp#27;[90m# stepdefinitions.StorePostRequestsAPI.user_places_an_order_for_a_pet()&amp#27;[0m
  &amp#27;[32mThen &amp#27;[0m&amp#27;[32muser verify that status code &amp#27;[0m&amp#27;[32m&amp#27;[1m200&amp#27;[0m&amp#27;[32m is returned&amp#27;[0m  &amp#27;[90m# stepdefinitions.StorePostRequestsAPI.userVerifyThatStatusCodeIsReturned(int)&amp#27;[0m
  &amp#27;[32mAnd &amp#27;[0m&amp#27;[32muser verify that following values are returned&amp#27;[0m &amp#27;[90m# stepdefinitions.StorePostRequestsAPI.user_verify_that_following_values_are_returned(io.cucumber.datatable.DataTable)&amp#27;[0m
    | status   | approved |
    | complete | true     |
]]></system-out>
  </testcase>
</testsuite>